{"message":"searching http://localhost:3000","level":"info"}
{"message":"searching http://localhost:3000","level":"info"}
{"message":"searching http://localhost:3000","level":"info"}
{"message":"searching http://localhost:3000","level":"info"}
{"message":"We did it!","level":"info"}
{"message":"searching http://localhost:3000","level":"info"}
{"message":"We did it!","level":"info"}
{"message":"searching http://localhost:3000","level":"info"}
{"message":"File write error when writing history","level":"error"}
{"message":"We did it!","level":"info"}
{"message":"searching http://localhost:3000","level":"info"}
{"message":"File write error when writing history","level":"error"}
{"message":"We did it!","level":"info"}
{"message":"searching http://localhost:3000","level":"info"}
{"message":"We did it!","level":"info"}
{"message":"searching http://localhost:3000","level":"info"}
{"message":"We did it!","level":"info"}
{"message":"searching http://localhost:3000","level":"info"}
{"message":"We did it!","level":"info"}
{"message":"searching http://localhost:3000","level":"info"}
{"message":"We did it!","level":"info"}
{"message":"searching http://localhost:3000","level":"info"}
{"message":"We did it!","level":"info"}
{"message":"searching http://localhost:3000","level":"info"}
{"message":"We did it!","level":"info"}
{"message":"searching http://localhost:3000","level":"info"}
{"message":"searching http://localhost:3000","level":"info"}
{"message":"searching http://localhost:3000","level":"info"}
{"message":"searching http://localhost:3000/categories","level":"info"}
{"message":"We did it!","level":"info"}
{"message":"searching http://localhost:3000/register","level":"info"}
{"message":"We did it!","level":"info"}
{"message":"searching http://localhost:3000/","level":"info"}
{"message":"We did it!","level":"info"}
{"message":"searching http://localhost:3000/register","level":"info"}
{"message":"We did it!","level":"info"}
{"message":"searching http://localhost:3000/categories","level":"info"}
{"message":"We did it!","level":"info"}
{"message":"searching http://localhost:3000/register","level":"info"}
{"message":"We did it!","level":"info"}
{"message":"searching http://localhost:3000/","level":"info"}
{"message":"We did it!","level":"info"}
{"message":"searching http://localhost:3000/register","level":"info"}
{"message":"We did it!","level":"info"}
{"message":"searching http://localhost:3000/","level":"info"}
{"message":"We did it!","level":"info"}
{"message":"searching http://localhost:3000/register","level":"info"}
{"message":"We did it!","level":"info"}
{"message":"searching http://localhost:3000/","level":"info"}
{"message":"We did it!","level":"info"}
{"message":"searching http://localhost:3000/register","level":"info"}
{"message":"We did it!","level":"info"}
{"message":"searching http://localhost:3000/categories","level":"info"}
{"message":"We did it!","level":"info"}
{"message":"searching http://localhost:3000/register","level":"info"}
{"message":"We did it!","level":"info"}
{"message":"searching http://localhost:3000/","level":"info"}
{"message":"We did it!","level":"info"}
{"message":"searching http://localhost:3000/register","level":"info"}
{"message":"We did it!","level":"info"}
{"message":"searching http://localhost:3000/","level":"info"}
{"message":"We did it!","level":"info"}
{"message":"searching http://localhost:3000/register","level":"info"}
{"message":"We did it!","level":"info"}
{"message":"searching http://localhost:3000/","level":"info"}
{"message":"We did it!","level":"info"}
{"message":"searching http://localhost:3000/register","level":"info"}
{"message":"We did it!","level":"info"}
{"message":"searching http://localhost:3000/","level":"info"}
{"message":"We did it!","level":"info"}
{"message":"searching http://localhost:3000/register","level":"info"}
{"message":"We did it!","level":"info"}
{"message":"searching http://localhost:3000/","level":"info"}
{"message":"We did it!","level":"info"}
{"message":"searching http://localhost:3000/register","level":"info"}
{"message":"We did it!","level":"info"}
{"message":"searching http://localhost:3000/","level":"info"}
{"message":"We did it!","level":"info"}
{"message":"searching http://localhost:3000/register","level":"info"}
{"message":"We did it!","level":"info"}
{"message":"searching http://localhost:3000/","level":"info"}
{"message":"We did it!","level":"info"}
{"message":"searching http://localhost:3000/register","level":"info"}
{"message":"We did it!","level":"info"}
{"message":"searching http://localhost:3000/categories","level":"info"}
{"message":"We did it!","level":"info"}
{"message":"searching http://localhost:3000/register","level":"info"}
{"message":"We did it!","level":"info"}
{"message":"searching http://localhost:3000/","level":"info"}
{"message":"We did it!","level":"info"}
{"message":"searching http://localhost:3000/register","level":"info"}
{"message":"We did it!","level":"info"}
{"message":"searching http://localhost:3000/","level":"info"}
{"message":"We did it!","level":"info"}
{"message":"searching http://localhost:3000/register","level":"info"}
{"message":"We did it!","level":"info"}
{"message":"searching http://localhost:3000/","level":"info"}
{"message":"We did it!","level":"info"}
{"message":"searching http://localhost:3000/register","level":"info"}
{"message":"We did it!","level":"info"}
{"message":"searching http://localhost:3000/","level":"info"}
{"message":"We did it!","level":"info"}
{"message":"searching http://localhost:3000/register","level":"info"}
{"message":"We did it!","level":"info"}
{"message":"searching http://localhost:3000/","level":"info"}
{"message":"We did it!","level":"info"}
{"message":"searching http://localhost:3000/register","level":"info"}
{"message":"We did it!","level":"info"}
{"message":"searching http://localhost:3000/","level":"info"}
{"message":"We did it!","level":"info"}
{"message":"searching http://localhost:3000/register","level":"info"}
{"message":"We did it!","level":"info"}
{"message":"searching http://localhost:3000/","level":"info"}
{"message":"We did it!","level":"info"}
{"message":"searching http://localhost:3000/register","level":"info"}
{"message":"We did it!","level":"info"}
{"message":"searching http://localhost:3000/","level":"info"}
{"message":"We did it!","level":"info"}
{"message":"searching http://localhost:3000/register","level":"info"}
{"message":"We did it!","level":"info"}
{"message":"searching http://localhost:3000/","level":"info"}
{"message":"We did it!","level":"info"}
{"message":"searching http://localhost:3000/register","level":"info"}
{"message":"We did it!","level":"info"}
{"message":"searching http://localhost:3000/","level":"info"}
{"message":"We did it!","level":"info"}
{"message":"searching http://localhost:3000/register","level":"info"}
{"message":"We did it!","level":"info"}
{"message":"searching http://localhost:3000/","level":"info"}
{"message":"We did it!","level":"info"}
{"message":"searching http://localhost:3000/register","level":"info"}
{"message":"We did it!","level":"info"}
{"message":"searching http://localhost:3000/","level":"info"}
{"message":"We did it!","level":"info"}
{"message":"searching http://localhost:3000/register","level":"info"}
{"message":"We did it!","level":"info"}
{"message":"searching http://localhost:3000/","level":"info"}
{"message":"We did it!","level":"info"}
{"message":"searching http://localhost:3000/register","level":"info"}
{"message":"We did it!","level":"info"}
{"message":"searching http://localhost:3000/","level":"info"}
{"message":"We did it!","level":"info"}
{"message":"searching http://localhost:3000/register","level":"info"}
{"message":"We did it!","level":"info"}
{"message":"searching http://localhost:3000/","level":"info"}
{"message":"We did it!","level":"info"}
{"message":"searching http://localhost:3000/register","level":"info"}
{"message":"We did it!","level":"info"}
{"message":"searching http://localhost:3000/categories","level":"info"}
{"message":"We did it!","level":"info"}
{"message":"searching http://localhost:3000/register","level":"info"}
{"message":"We did it!","level":"info"}
{"message":"searching http://localhost:3000/","level":"info"}
{"message":"We did it!","level":"info"}
{"message":"searching http://localhost:3000/register","level":"info"}
{"message":"We did it!","level":"info"}
{"message":"searching http://localhost:3000/","level":"info"}
{"message":"We did it!","level":"info"}
{"message":"searching http://localhost:3000/register","level":"info"}
{"message":"We did it!","level":"info"}
{"message":"searching http://localhost:3000/","level":"info"}
{"message":"We did it!","level":"info"}
{"message":"searching http://localhost:3000/register","level":"info"}
{"message":"We did it!","level":"info"}
{"message":"searching http://localhost:3000/","level":"info"}
{"message":"We did it!","level":"info"}
{"message":"searching http://localhost:3000/register","level":"info"}
{"message":"We did it!","level":"info"}
{"message":"searching http://localhost:3000/","level":"info"}
{"message":"We did it!","level":"info"}
{"message":"searching http://localhost:3000/register","level":"info"}
{"message":"We did it!","level":"info"}
{"message":"searching http://localhost:3000/","level":"info"}
{"message":"We did it!","level":"info"}
{"message":"searching http://localhost:3000/register","level":"info"}
{"message":"We did it!","level":"info"}
{"message":"searching http://localhost:3000/","level":"info"}
{"message":"We did it!","level":"info"}
{"message":"searching http://localhost:3000/register","level":"info"}
{"message":"We did it!","level":"info"}
{"message":"searching http://localhost:3000/","level":"info"}
{"message":"We did it!","level":"info"}
{"message":"searching http://localhost:3000/register","level":"info"}
{"message":"We did it!","level":"info"}
{"message":"searching http://localhost:3000/","level":"info"}
{"message":"We did it!","level":"info"}
{"message":"searching http://localhost:3000/register","level":"info"}
{"message":"We did it!","level":"info"}
{"message":"searching http://localhost:3000/","level":"info"}
{"message":"We did it!","level":"info"}
{"message":"searching http://localhost:3000/register","level":"info"}
{"message":"We did it!","level":"info"}
{"message":"searching http://localhost:3000/","level":"info"}
{"message":"We did it!","level":"info"}
{"message":"searching http://localhost:3000/register","level":"info"}
{"message":"We did it!","level":"info"}
{"message":"searching http://localhost:3000/","level":"info"}
{"message":"We did it!","level":"info"}
{"message":"searching http://localhost:3000/register","level":"info"}
{"message":"We did it!","level":"info"}
{"message":"searching http://localhost:3000/","level":"info"}
{"message":"We did it!","level":"info"}
{"message":"searching http://localhost:3000/register","level":"info"}
{"message":"We did it!","level":"info"}
{"message":"searching http://localhost:3000/","level":"info"}
{"message":"We did it!","level":"info"}
{"message":"searching http://localhost:3000/register","level":"info"}
{"message":"We did it!","level":"info"}
{"message":"searching http://localhost:3000/","level":"info"}
{"message":"We did it!","level":"info"}
{"message":"searching http://localhost:3000/register","level":"info"}
{"message":"We did it!","level":"info"}
{"message":"searching http://localhost:3000/","level":"info"}
{"message":"We did it!","level":"info"}
{"message":"searching http://localhost:3000/register","level":"info"}
{"message":"We did it!","level":"info"}
{"message":"searching http://localhost:3000/","level":"info"}
{"message":"We did it!","level":"info"}
{"message":"searching http://localhost:3000/register","level":"info"}
{"message":"We did it!","level":"info"}
{"message":"searching http://localhost:3000/","level":"info"}
{"message":"We did it!","level":"info"}
{"message":"searching http://localhost:3000/register","level":"info"}
{"message":"We did it!","level":"info"}
{"message":"searching http://localhost:3000/","level":"info"}
{"message":"We did it!","level":"info"}
{"message":"searching http://localhost:3000/register","level":"info"}
{"message":"We did it!","level":"info"}
{"message":"searching http://localhost:3000/","level":"info"}
{"message":"We did it!","level":"info"}
{"message":"searching http://localhost:3000/register","level":"info"}
{"message":"We did it!","level":"info"}
{"message":"searching http://localhost:3000/","level":"info"}
{"message":"We did it!","level":"info"}
{"message":"searching http://localhost:3000/register","level":"info"}
{"message":"We did it!","level":"info"}
{"message":"searching http://localhost:3000","level":"info"}
{"message":"searching http://localhost:3000/categories","level":"info"}
{"message":"We did it!","level":"info"}
{"message":"searching http://localhost:3000/register","level":"info"}
{"message":"We did it!","level":"info"}
{"message":"searching http://localhost:3000/","level":"info"}
{"message":"We did it!","level":"info"}
{"message":"searching http://localhost:3000/register","level":"info"}
{"message":"We did it!","level":"info"}
{"message":"searching http://localhost:3000/categories","level":"info"}
{"message":"We did it!","level":"info"}
{"message":"searching http://localhost:3000/register","level":"info"}
{"message":"We did it!","level":"info"}
{"message":"searching http://localhost:3000/","level":"info"}
{"message":"We did it!","level":"info"}
{"message":"searching http://localhost:3000/register","level":"info"}
{"message":"We did it!","level":"info"}
{"message":"searching http://localhost:3000/","level":"info"}
{"message":"We did it!","level":"info"}
{"message":"searching http://localhost:3000/register","level":"info"}
{"message":"We did it!","level":"info"}
{"message":"searching http://localhost:3000/","level":"info"}
{"message":"We did it!","level":"info"}
{"message":"searching http://localhost:3000/register","level":"info"}
{"message":"We did it!","level":"info"}
{"message":"searching http://localhost:3000/categories","level":"info"}
{"message":"We did it!","level":"info"}
{"message":"searching http://localhost:3000/register","level":"info"}
{"message":"We did it!","level":"info"}
{"message":"searching http://localhost:3000/","level":"info"}
{"message":"We did it!","level":"info"}
{"message":"searching http://localhost:3000/register","level":"info"}
{"message":"We did it!","level":"info"}
{"message":"searching http://localhost:3000/","level":"info"}
{"message":"We did it!","level":"info"}
{"message":"searching http://localhost:3000/register","level":"info"}
{"message":"We did it!","level":"info"}
{"message":"searching http://localhost:3000/","level":"info"}
{"message":"We did it!","level":"info"}
{"message":"searching http://localhost:3000/register","level":"info"}
{"message":"We did it!","level":"info"}
{"message":"searching http://localhost:3000/","level":"info"}
{"message":"We did it!","level":"info"}
{"message":"searching http://localhost:3000/register","level":"info"}
{"message":"We did it!","level":"info"}
{"message":"searching http://localhost:3000/","level":"info"}
{"message":"We did it!","level":"info"}
{"message":"searching http://localhost:3000/register","level":"info"}
{"message":"We did it!","level":"info"}
{"message":"searching http://localhost:3000/","level":"info"}
{"message":"We did it!","level":"info"}
{"message":"searching http://localhost:3000/register","level":"info"}
{"message":"We did it!","level":"info"}
{"message":"searching http://localhost:3000/","level":"info"}
{"message":"We did it!","level":"info"}
{"message":"searching http://localhost:3000/register","level":"info"}
{"message":"We did it!","level":"info"}
{"message":"searching http://localhost:3000/categories","level":"info"}
{"message":"We did it!","level":"info"}
{"message":"searching http://localhost:3000/register","level":"info"}
{"message":"We did it!","level":"info"}
{"message":"searching http://localhost:3000/","level":"info"}
{"message":"We did it!","level":"info"}
{"message":"searching http://localhost:3000/register","level":"info"}
{"message":"We did it!","level":"info"}
{"message":"searching http://localhost:3000/","level":"info"}
{"message":"We did it!","level":"info"}
{"message":"searching http://localhost:3000","level":"info"}
{"message":"searching http://localhost:3000/categories","level":"info"}
{"message":"We did it!","level":"info"}
{"message":"searching http://localhost:3000/register","level":"info"}
{"message":"We did it!","level":"info"}
{"message":"searching http://localhost:3000/","level":"info"}
{"message":"We did it!","level":"info"}
{"message":"searching http://localhost:3000/register","level":"info"}
{"message":"We did it!","level":"info"}
{"message":"searching http://localhost:3000/categories","level":"info"}
{"message":"We did it!","level":"info"}
{"message":"searching http://localhost:3000/register","level":"info"}
{"message":"We did it!","level":"info"}
{"message":"searching http://localhost:3000/","level":"info"}
{"message":"We did it!","level":"info"}
{"message":"searching http://localhost:3000/register","level":"info"}
{"message":"We did it!","level":"info"}
{"message":"searching http://localhost:3000/","level":"info"}
{"message":"We did it!","level":"info"}
{"message":"searching http://localhost:3000/register","level":"info"}
{"message":"We did it!","level":"info"}
{"message":"searching http://localhost:3000/","level":"info"}
{"message":"We did it!","level":"info"}
{"message":"searching http://localhost:3000/register","level":"info"}
{"message":"We did it!","level":"info"}
{"message":"searching http://localhost:3000/categories","level":"info"}
{"message":"We did it!","level":"info"}
{"message":"searching http://localhost:3000/register","level":"info"}
{"message":"We did it!","level":"info"}
{"message":"searching http://localhost:3000/","level":"info"}
{"message":"We did it!","level":"info"}
{"message":"searching http://localhost:3000/register","level":"info"}
{"message":"We did it!","level":"info"}
{"message":"searching http://localhost:3000/","level":"info"}
{"message":"We did it!","level":"info"}
{"message":"searching http://localhost:3000/register","level":"info"}
{"message":"We did it!","level":"info"}
{"message":"searching http://localhost:3000/","level":"info"}
{"message":"We did it!","level":"info"}
{"message":"searching http://localhost:3000/register","level":"info"}
{"message":"We did it!","level":"info"}
{"message":"searching http://localhost:3000/","level":"info"}
{"message":"We did it!","level":"info"}
{"message":"searching http://localhost:3000/register","level":"info"}
{"message":"We did it!","level":"info"}
{"message":"searching http://localhost:3000/","level":"info"}
{"message":"We did it!","level":"info"}
{"message":"searching http://localhost:3000/register","level":"info"}
{"message":"We did it!","level":"info"}
{"message":"searching http://localhost:3000/","level":"info"}
{"message":"We did it!","level":"info"}
{"message":"searching http://localhost:3000/register","level":"info"}
{"message":"We did it!","level":"info"}
{"message":"searching http://localhost:3000/","level":"info"}
{"message":"We did it!","level":"info"}
{"message":"searching http://localhost:3000/register","level":"info"}
{"message":"We did it!","level":"info"}
{"message":"searching http://localhost:3000/categories","level":"info"}
{"message":"We did it!","level":"info"}
{"message":"searching http://localhost:3000/register","level":"info"}
{"message":"We did it!","level":"info"}
{"message":"searching http://localhost:3000/","level":"info"}
{"message":"We did it!","level":"info"}
{"message":"searching http://localhost:3000/register","level":"info"}
{"message":"We did it!","level":"info"}
{"message":"searching http://localhost:3000/","level":"info"}
{"message":"We did it!","level":"info"}
{"message":"searching http://localhost:3000/register","level":"info"}
{"message":"We did it!","level":"info"}
{"message":"searching http://localhost:3000/","level":"info"}
{"message":"We did it!","level":"info"}
{"message":"searching http://localhost:3000/register","level":"info"}
{"message":"We did it!","level":"info"}
{"message":"searching http://localhost:3000/","level":"info"}
{"message":"We did it!","level":"info"}
{"message":"searching http://localhost:3000/register","level":"info"}
{"message":"We did it!","level":"info"}
{"message":"searching http://localhost:3000/","level":"info"}
{"message":"We did it!","level":"info"}
{"message":"searching http://localhost:3000/register","level":"info"}
{"message":"We did it!","level":"info"}
{"message":"searching http://localhost:3000/","level":"info"}
{"message":"We did it!","level":"info"}
{"message":"searching http://localhost:3000/register","level":"info"}
{"message":"We did it!","level":"info"}
{"message":"searching http://localhost:3000/","level":"info"}
{"message":"We did it!","level":"info"}
{"message":"searching http://localhost:3000/register","level":"info"}
{"message":"We did it!","level":"info"}
{"message":"searching http://localhost:3000/","level":"info"}
{"message":"We did it!","level":"info"}
{"message":"searching http://localhost:3000/register","level":"info"}
{"message":"We did it!","level":"info"}
{"message":"searching http://localhost:3000/","level":"info"}
{"message":"We did it!","level":"info"}
{"message":"searching http://localhost:3000/register","level":"info"}
{"message":"We did it!","level":"info"}
{"message":"searching http://localhost:3000","level":"info"}
{"message":"We did it!","level":"info"}
{"message":"searching http://localhost:3000","level":"info"}
{"message":"We did it!","level":"info"}
{"message":"searching http://localhost:3000","level":"info"}
{"message":"searching http://localhost:3000","level":"info"}
{"message":"searching http://localhost:3000/","level":"info"}
{"message":"We did it!","level":"info"}
{"message":"searching http://localhost:3000/categories","level":"info"}
{"message":"We did it!","level":"info"}
{"message":"searching http://localhost:3000/cart","level":"info"}
{"message":"We did it!","level":"info"}
{"message":"searching http://localhost:3000/register","level":"info"}
{"message":"We did it!","level":"info"}
{"message":"searching http://localhost:3000/login","level":"info"}
{"message":"We did it!","level":"info"}
{"message":"We did it!","level":"info"}
{"message":"searching http://localhost:3000","level":"info"}
{"message":"searching http://localhost:3000/","level":"info"}
{"message":"We did it!","level":"info"}
{"message":"searching http://localhost:3000/categories","level":"info"}
{"message":"We did it!","level":"info"}
{"message":"searching http://localhost:3000/cart","level":"info"}
{"message":"We did it!","level":"info"}
{"message":"searching http://localhost:3000/register","level":"info"}
{"message":"We did it!","level":"info"}
{"message":"searching http://localhost:3000/login","level":"info"}
{"message":"We did it!","level":"info"}
{"message":"We did it!","level":"info"}
{"message":"searching http://localhost:3000","level":"info"}
{"message":"searching http://localhost:3000/","level":"info"}
{"message":"We did it!","level":"info"}
{"message":"searching http://localhost:3000/categories","level":"info"}
{"message":"We did it!","level":"info"}
{"message":"searching http://localhost:3000/cart","level":"info"}
{"message":"We did it!","level":"info"}
{"message":"searching http://localhost:3000/register","level":"info"}
{"message":"We did it!","level":"info"}
{"message":"searching http://localhost:3000/login","level":"info"}
{"message":"We did it!","level":"info"}
{"message":"We did it!","level":"info"}
{"message":"searching http://localhost:3000","level":"info"}
{"message":"searching http://localhost:3000/","level":"info"}
{"message":"We did it!","level":"info"}
{"message":"searching http://localhost:3000/categories","level":"info"}
{"message":"We did it!","level":"info"}
{"message":"searching http://localhost:3000/cart","level":"info"}
{"message":"We did it!","level":"info"}
{"message":"searching http://localhost:3000/register","level":"info"}
{"message":"We did it!","level":"info"}
{"message":"searching http://localhost:3000/login","level":"info"}
{"message":"We did it!","level":"info"}
{"message":"We did it!","level":"info"}
{"message":"searching http://localhost:3000","level":"info"}
{"message":"searching http://localhost:3000/","level":"info"}
{"message":"We did it!","level":"info"}
{"message":"searching http://localhost:3000/categories","level":"info"}
{"message":"We did it!","level":"info"}
{"message":"searching http://localhost:3000/cart","level":"info"}
{"message":"We did it!","level":"info"}
{"message":"searching http://localhost:3000/register","level":"info"}
{"message":"We did it!","level":"info"}
{"message":"searching http://localhost:3000/login","level":"info"}
{"message":"We did it!","level":"info"}
{"message":"We did it!","level":"info"}
{"message":"searching http://localhost:3000","level":"info"}
{"message":"searching http://localhost:3000/","level":"info"}
{"message":"We did it! 2","level":"info"}
{"message":"searching http://localhost:3000/categories","level":"info"}
{"message":"We did it! 3","level":"info"}
{"message":"searching http://localhost:3000/cart","level":"info"}
{"message":"We did it! 4","level":"info"}
{"message":"searching http://localhost:3000/register","level":"info"}
{"message":"We did it! 5","level":"info"}
{"message":"searching http://localhost:3000/login","level":"info"}
{"message":"We did it! 6","level":"info"}
{"message":"We did it! 6","level":"info"}
{"message":"searching http://localhost:3000","level":"info"}
{"message":"searching http://localhost:3000/","level":"info"}
{"message":"searching http://localhost:3000/categories","level":"info"}
{"message":"searching http://localhost:3000/cart","level":"info"}
{"message":"searching http://localhost:3000/register","level":"info"}
{"message":"searching http://localhost:3000/login","level":"info"}
{"message":"searching http://localhost:3000","level":"info"}
{"message":"searching http://localhost:3000/","level":"info"}
{"message":"searching http://localhost:3000/categories","level":"info"}
{"message":"searching http://localhost:3000/cart","level":"info"}
{"message":"searching http://localhost:3000/register","level":"info"}
{"message":"searching http://localhost:3000/login","level":"info"}
{"message":"searching http://localhost:3000","level":"info"}
{"message":"searching http://localhost:3000/","level":"info"}
{"message":"searching http://localhost:3000/categories","level":"info"}
{"message":"searching http://localhost:3000/cart","level":"info"}
{"message":"searching http://localhost:3000/register","level":"info"}
{"message":"searching http://localhost:3000/login","level":"info"}
{"message":"searching http://localhost:3000","level":"info"}
{"message":"searching http://localhost:3000/","level":"info"}
{"message":"searching http://localhost:3000/categories","level":"info"}
{"message":"searching http://localhost:3000/cart","level":"info"}
{"message":"searching http://localhost:3000/register","level":"info"}
{"message":"searching http://localhost:3000/login","level":"info"}
